<?xml version="1.0" encoding="UTF-8"?>
<!-- Generated by org.testng.reporters.JUnitReportReporter -->
<testsuite hostname="gufff-PC" failures="0" tests="1" name="basepkg.Baseclass" time="5.446" errors="0" timestamp="2024-11-07T19:59:26 IST" skipped="0">
  <testcase classname="basepkg.Baseclass" name="test" time="5.446"/>
  <system-out/>
</testsuite> <!-- basepkg.Baseclass -->
